<?xml version="1.0" encoding="UTF-8"?>
<testsuite xmlns:xsi="http://www.w3.org/2001/XMLSchema-instance" xsi:noNamespaceSchemaLocation="https://maven.apache.org/surefire/maven-surefire-plugin/xsd/surefire-test-report-3.0.xsd" version="3.0" name="com.nitronus.My.web.page1.MyWebPage1ApplicationTests" time="2.698" tests="1" errors="0" skipped="0" failures="0">
  <properties>
[...]
</properties>
  <testcase name="contextLoads" classname="com.nitronus.My.web.page1.MyWebPage1ApplicationTests" time="0.935">
    <system-out><![CDATA[19:07:53.166 [main] INFO org.springframework.test.context.support.AnnotationConfigContextLoaderUtils -- Could not detect default configuration classes for test class [com.nitronus.My.web.page1.MyWebPage1ApplicationTests]: MyWebPage1ApplicationTests does not declare any static, non-private, non-final, nested classes annotated with @Configuration.
19:07:53.250 [main] INFO org.springframework.boot.test.context.SpringBootTestContextBootstrapper -- Found @SpringBootConfiguration com.nitronus.My.web.page1.MyWebPage1Application for test class com.nitronus.My.web.page1.MyWebPage1ApplicationTests

  .   ____          _            __ _ _
 /\\ / ___'_ __ _ _(_)_ __  __ _ \ \ \ \
( ( )\___ | '_ | '_| | '_ \/ _` | \ \ \ \
 \\/  ___)| |_)| | | | | || (_| |  ) ) ) )
  '  |____| .__|_| |_|_| |_\__, | / / / /
 =========|_|==============|___/=/_/_/_/
 :: Spring Boot ::                (v3.1.4)

2023-10-02T19:07:53.672+03:00  INFO 11348 --- [           main] c.n.M.w.p.MyWebPage1ApplicationTests     : Starting MyWebPage1ApplicationTests using Java 17.0.8.1 with PID 11348 (started by НOME in C:\My-web-page1)
2023-10-02T19:07:53.674+03:00  INFO 11348 --- [           main] c.n.M.w.p.MyWebPage1ApplicationTests     : No active profile set, falling back to 1 default profile: "default"
2023-10-02T19:07:54.772+03:00  INFO 11348 --- [           main] c.n.M.w.p.MyWebPage1ApplicationTests     : Started MyWebPage1ApplicationTests in 1.376 seconds (process running for 2.205)
]]></system-out>
  </testcase>
</testsuite>